ISim log file
Running: D:\Uni\Term 5\Computer Architecture\AbdelrahmanNabil_221000309_NEW - Copy\FINAL_TEST_BENCH_isim_beh.exe -intstyle ise -gui -tclbatch isim.cmd -wdb D:/Uni/Term 5/Computer Architecture/AbdelrahmanNabil_221000309_NEW - Copy/FINAL_TEST_BENCH_isim_beh.wdb 
ISim P.20131013 (signature 0x7708f090)
This is a Full version of ISim.
Time resolution is 1 ps
# onerror resume
# wave add /
# run 1000 ns
Simulator is doing circuit initialization process.
at 0 ps, Instance /final_test_bench/uut/regfile_component/ : Warning: NUMERIC_STD.TO_INTEGER: metavalue detected, returning 0
at 0 ps, Instance /final_test_bench/uut/regfile_component/ : Warning: NUMERIC_STD.TO_INTEGER: metavalue detected, returning 0
at 0 ps, Instance /final_test_bench/uut/Branch_Adder/ : Warning: There is an 'U'|'X'|'W'|'Z'|'-' in an arithmetic operand, the result will be 'X'(es).
Finished circuit initialization process.
at 5 ns(1), Instance /final_test_bench/uut/Instruction_comp/ : Warning: NUMERIC_STD.TO_INTEGER: metavalue detected, returning 0
at 5 ns(1), Instance /final_test_bench/uut/Instruction_comp/ : Warning: NUMERIC_STD.TO_INTEGER: metavalue detected, returning 0
at 5 ns(1), Instance /final_test_bench/uut/Instruction_comp/ : Warning: NUMERIC_STD.TO_INTEGER: metavalue detected, returning 0
at 5 ns(1), Instance /final_test_bench/uut/Instruction_comp/ : Warning: NUMERIC_STD.TO_INTEGER: metavalue detected, returning 0
ERROR: Index 28 out of bound 0 to 27. 
ERROR: In process instruction_file.vhd:51 
 
INFO: Simulator is stopped.
ISim P.20131013 (signature 0x7708f090)
This is a Full version of ISim.
# run 1000 ns
Simulator is doing circuit initialization process.
at 0 ps, Instance /final_test_bench/uut/regfile_component/ : Warning: NUMERIC_STD.TO_INTEGER: metavalue detected, returning 0
at 0 ps, Instance /final_test_bench/uut/regfile_component/ : Warning: NUMERIC_STD.TO_INTEGER: metavalue detected, returning 0
at 0 ps, Instance /final_test_bench/uut/Branch_Adder/ : Warning: There is an 'U'|'X'|'W'|'Z'|'-' in an arithmetic operand, the result will be 'X'(es).
Finished circuit initialization process.
at 5 ns(1), Instance /final_test_bench/uut/Instruction_comp/ : Warning: NUMERIC_STD.TO_INTEGER: metavalue detected, returning 0
at 5 ns(1), Instance /final_test_bench/uut/Instruction_comp/ : Warning: NUMERIC_STD.TO_INTEGER: metavalue detected, returning 0
at 5 ns(1), Instance /final_test_bench/uut/Instruction_comp/ : Warning: NUMERIC_STD.TO_INTEGER: metavalue detected, returning 0
at 5 ns(1), Instance /final_test_bench/uut/Instruction_comp/ : Warning: NUMERIC_STD.TO_INTEGER: metavalue detected, returning 0
ERROR: Index 28 out of bound 0 to 27. 
ERROR: In process instruction_file.vhd:51 
 
INFO: Simulator is stopped.
ISim P.20131013 (signature 0x7708f090)
This is a Full version of ISim.
# run 1000 ns
Simulator is doing circuit initialization process.
at 0 ps, Instance /final_test_bench/uut/regfile_component/ : Warning: NUMERIC_STD.TO_INTEGER: metavalue detected, returning 0
at 0 ps, Instance /final_test_bench/uut/regfile_component/ : Warning: NUMERIC_STD.TO_INTEGER: metavalue detected, returning 0
at 0 ps, Instance /final_test_bench/uut/Branch_Adder/ : Warning: There is an 'U'|'X'|'W'|'Z'|'-' in an arithmetic operand, the result will be 'X'(es).
Finished circuit initialization process.
at 5 ns(1), Instance /final_test_bench/uut/Instruction_comp/ : Warning: NUMERIC_STD.TO_INTEGER: metavalue detected, returning 0
at 5 ns(1), Instance /final_test_bench/uut/Instruction_comp/ : Warning: NUMERIC_STD.TO_INTEGER: metavalue detected, returning 0
at 5 ns(1), Instance /final_test_bench/uut/Instruction_comp/ : Warning: NUMERIC_STD.TO_INTEGER: metavalue detected, returning 0
at 5 ns(1), Instance /final_test_bench/uut/Instruction_comp/ : Warning: NUMERIC_STD.TO_INTEGER: metavalue detected, returning 0
ERROR: Index 28 out of bound 0 to 27. 
ERROR: In process instruction_file.vhd:51 
 
INFO: Simulator is stopped.
ISim P.20131013 (signature 0x7708f090)
This is a Full version of ISim.
# run 1000 ns
Simulator is doing circuit initialization process.
at 0 ps, Instance /final_test_bench/uut/regfile_component/ : Warning: NUMERIC_STD.TO_INTEGER: metavalue detected, returning 0
at 0 ps, Instance /final_test_bench/uut/regfile_component/ : Warning: NUMERIC_STD.TO_INTEGER: metavalue detected, returning 0
at 0 ps, Instance /final_test_bench/uut/Branch_Adder/ : Warning: There is an 'U'|'X'|'W'|'Z'|'-' in an arithmetic operand, the result will be 'X'(es).
Finished circuit initialization process.
at 5 ns(1), Instance /final_test_bench/uut/Instruction_comp/ : Warning: NUMERIC_STD.TO_INTEGER: metavalue detected, returning 0
at 5 ns(1), Instance /final_test_bench/uut/Instruction_comp/ : Warning: NUMERIC_STD.TO_INTEGER: metavalue detected, returning 0
at 5 ns(1), Instance /final_test_bench/uut/Instruction_comp/ : Warning: NUMERIC_STD.TO_INTEGER: metavalue detected, returning 0
at 5 ns(1), Instance /final_test_bench/uut/Instruction_comp/ : Warning: NUMERIC_STD.TO_INTEGER: metavalue detected, returning 0
ERROR: Index 28 out of bound 0 to 27. 
ERROR: In process instruction_file.vhd:51 
 
INFO: Simulator is stopped.
ISim P.20131013 (signature 0x7708f090)
This is a Full version of ISim.
# run 1000 ns
Simulator is doing circuit initialization process.
at 0 ps, Instance /final_test_bench/uut/regfile_component/ : Warning: NUMERIC_STD.TO_INTEGER: metavalue detected, returning 0
at 0 ps, Instance /final_test_bench/uut/regfile_component/ : Warning: NUMERIC_STD.TO_INTEGER: metavalue detected, returning 0
at 0 ps, Instance /final_test_bench/uut/Branch_Adder/ : Warning: There is an 'U'|'X'|'W'|'Z'|'-' in an arithmetic operand, the result will be 'X'(es).
Finished circuit initialization process.
at 5 ns(1), Instance /final_test_bench/uut/Instruction_comp/ : Warning: NUMERIC_STD.TO_INTEGER: metavalue detected, returning 0
at 5 ns(1), Instance /final_test_bench/uut/Instruction_comp/ : Warning: NUMERIC_STD.TO_INTEGER: metavalue detected, returning 0
at 5 ns(1), Instance /final_test_bench/uut/Instruction_comp/ : Warning: NUMERIC_STD.TO_INTEGER: metavalue detected, returning 0
at 5 ns(1), Instance /final_test_bench/uut/Instruction_comp/ : Warning: NUMERIC_STD.TO_INTEGER: metavalue detected, returning 0
ERROR: Index 28 out of bound 0 to 27. 
ERROR: In process instruction_file.vhd:51 
 
INFO: Simulator is stopped.
ISim P.20131013 (signature 0x7708f090)
This is a Full version of ISim.
# run 1000 ns
Simulator is doing circuit initialization process.
at 0 ps, Instance /final_test_bench/uut/regfile_component/ : Warning: NUMERIC_STD.TO_INTEGER: metavalue detected, returning 0
at 0 ps, Instance /final_test_bench/uut/regfile_component/ : Warning: NUMERIC_STD.TO_INTEGER: metavalue detected, returning 0
at 0 ps, Instance /final_test_bench/uut/Branch_Adder/ : Warning: There is an 'U'|'X'|'W'|'Z'|'-' in an arithmetic operand, the result will be 'X'(es).
Finished circuit initialization process.
at 5 ns(1), Instance /final_test_bench/uut/Instruction_comp/ : Warning: NUMERIC_STD.TO_INTEGER: metavalue detected, returning 0
at 5 ns(1), Instance /final_test_bench/uut/Instruction_comp/ : Warning: NUMERIC_STD.TO_INTEGER: metavalue detected, returning 0
at 5 ns(1), Instance /final_test_bench/uut/Instruction_comp/ : Warning: NUMERIC_STD.TO_INTEGER: metavalue detected, returning 0
at 5 ns(1), Instance /final_test_bench/uut/Instruction_comp/ : Warning: NUMERIC_STD.TO_INTEGER: metavalue detected, returning 0
ERROR: Index 28 out of bound 0 to 27. 
ERROR: In process instruction_file.vhd:51 
 
INFO: Simulator is stopped.
ISim P.20131013 (signature 0x7708f090)
This is a Full version of ISim.
# run 1000 ns
Simulator is doing circuit initialization process.
at 0 ps, Instance /final_test_bench/uut/regfile_component/ : Warning: NUMERIC_STD.TO_INTEGER: metavalue detected, returning 0
at 0 ps, Instance /final_test_bench/uut/regfile_component/ : Warning: NUMERIC_STD.TO_INTEGER: metavalue detected, returning 0
at 0 ps, Instance /final_test_bench/uut/Branch_Adder/ : Warning: There is an 'U'|'X'|'W'|'Z'|'-' in an arithmetic operand, the result will be 'X'(es).
Finished circuit initialization process.
at 5 ns(1), Instance /final_test_bench/uut/Instruction_comp/ : Warning: NUMERIC_STD.TO_INTEGER: metavalue detected, returning 0
at 5 ns(1), Instance /final_test_bench/uut/Instruction_comp/ : Warning: NUMERIC_STD.TO_INTEGER: metavalue detected, returning 0
at 5 ns(1), Instance /final_test_bench/uut/Instruction_comp/ : Warning: NUMERIC_STD.TO_INTEGER: metavalue detected, returning 0
at 5 ns(1), Instance /final_test_bench/uut/Instruction_comp/ : Warning: NUMERIC_STD.TO_INTEGER: metavalue detected, returning 0
ERROR: Index 28 out of bound 0 to 27. 
ERROR: In process instruction_file.vhd:51 
 
INFO: Simulator is stopped.
ISim P.20131013 (signature 0x7708f090)
This is a Full version of ISim.
# run 1000 ns
Simulator is doing circuit initialization process.
at 0 ps, Instance /final_test_bench/uut/regfile_component/ : Warning: NUMERIC_STD.TO_INTEGER: metavalue detected, returning 0
at 0 ps, Instance /final_test_bench/uut/regfile_component/ : Warning: NUMERIC_STD.TO_INTEGER: metavalue detected, returning 0
at 0 ps, Instance /final_test_bench/uut/Branch_Adder/ : Warning: There is an 'U'|'X'|'W'|'Z'|'-' in an arithmetic operand, the result will be 'X'(es).
Finished circuit initialization process.
at 5 ns(1), Instance /final_test_bench/uut/Instruction_comp/ : Warning: NUMERIC_STD.TO_INTEGER: metavalue detected, returning 0
at 5 ns(1), Instance /final_test_bench/uut/Instruction_comp/ : Warning: NUMERIC_STD.TO_INTEGER: metavalue detected, returning 0
at 5 ns(1), Instance /final_test_bench/uut/Instruction_comp/ : Warning: NUMERIC_STD.TO_INTEGER: metavalue detected, returning 0
at 5 ns(1), Instance /final_test_bench/uut/Instruction_comp/ : Warning: NUMERIC_STD.TO_INTEGER: metavalue detected, returning 0
ERROR: Index 28 out of bound 0 to 27. 
ERROR: In process instruction_file.vhd:51 
 
INFO: Simulator is stopped.
ISim P.20131013 (signature 0x7708f090)
This is a Full version of ISim.
# run 1000 ns
Simulator is doing circuit initialization process.
at 0 ps, Instance /final_test_bench/uut/regfile_component/ : Warning: NUMERIC_STD.TO_INTEGER: metavalue detected, returning 0
at 0 ps, Instance /final_test_bench/uut/regfile_component/ : Warning: NUMERIC_STD.TO_INTEGER: metavalue detected, returning 0
at 0 ps, Instance /final_test_bench/uut/Branch_Adder/ : Warning: There is an 'U'|'X'|'W'|'Z'|'-' in an arithmetic operand, the result will be 'X'(es).
Finished circuit initialization process.
at 5 ns(1), Instance /final_test_bench/uut/Instruction_comp/ : Warning: NUMERIC_STD.TO_INTEGER: metavalue detected, returning 0
at 5 ns(1), Instance /final_test_bench/uut/Instruction_comp/ : Warning: NUMERIC_STD.TO_INTEGER: metavalue detected, returning 0
at 5 ns(1), Instance /final_test_bench/uut/Instruction_comp/ : Warning: NUMERIC_STD.TO_INTEGER: metavalue detected, returning 0
at 5 ns(1), Instance /final_test_bench/uut/Instruction_comp/ : Warning: NUMERIC_STD.TO_INTEGER: metavalue detected, returning 0
ERROR: Index 28 out of bound 0 to 27. 
ERROR: In process instruction_file.vhd:51 
 
INFO: Simulator is stopped.
ISim P.20131013 (signature 0x7708f090)
This is a Full version of ISim.
# run 1000 ns
Simulator is doing circuit initialization process.
at 0 ps, Instance /final_test_bench/uut/regfile_component/ : Warning: NUMERIC_STD.TO_INTEGER: metavalue detected, returning 0
at 0 ps, Instance /final_test_bench/uut/regfile_component/ : Warning: NUMERIC_STD.TO_INTEGER: metavalue detected, returning 0
at 0 ps, Instance /final_test_bench/uut/Branch_Adder/ : Warning: There is an 'U'|'X'|'W'|'Z'|'-' in an arithmetic operand, the result will be 'X'(es).
Finished circuit initialization process.
at 5 ns(1), Instance /final_test_bench/uut/Instruction_comp/ : Warning: NUMERIC_STD.TO_INTEGER: metavalue detected, returning 0
at 5 ns(1), Instance /final_test_bench/uut/Instruction_comp/ : Warning: NUMERIC_STD.TO_INTEGER: metavalue detected, returning 0
at 5 ns(1), Instance /final_test_bench/uut/Instruction_comp/ : Warning: NUMERIC_STD.TO_INTEGER: metavalue detected, returning 0
at 5 ns(1), Instance /final_test_bench/uut/Instruction_comp/ : Warning: NUMERIC_STD.TO_INTEGER: metavalue detected, returning 0
ERROR: Index 28 out of bound 0 to 27. 
ERROR: In process instruction_file.vhd:51 
 
INFO: Simulator is stopped.
