Release 14.7 - xst P.20131013 (nt64)
Copyright (c) 1995-2013 Xilinx, Inc.  All rights reserved.
--> Parameter TMPDIR set to xst/projnav.tmp


Total REAL time to Xst completion: 0.00 secs
Total CPU time to Xst completion: 0.16 secs
 
--> Parameter xsthdpdir set to xst


Total REAL time to Xst completion: 0.00 secs
Total CPU time to Xst completion: 0.16 secs
 
--> Reading design: PC.prj

TABLE OF CONTENTS
  1) Synthesis Options Summary
  2) HDL Parsing
  3) HDL Elaboration
  4) HDL Synthesis
       4.1) HDL Synthesis Report
  5) Advanced HDL Synthesis
       5.1) Advanced HDL Synthesis Report
  6) Low Level Synthesis
  7) Partition Report
  8) Design Summary
       8.1) Primitive and Black Box Usage
       8.2) Device utilization summary
       8.3) Partition Resource Summary
       8.4) Timing Report
            8.4.1) Clock Information
            8.4.2) Asynchronous Control Signals Information
            8.4.3) Timing Summary
            8.4.4) Timing Details
            8.4.5) Cross Clock Domains Report


=========================================================================
*                      Synthesis Options Summary                        *
=========================================================================
---- Source Parameters
Input File Name                    : "PC.prj"
Ignore Synthesis Constraint File   : NO

---- Target Parameters
Output File Name                   : "PC"
Output Format                      : NGC
Target Device                      : xc7a100t-3-csg324

---- Source Options
Top Module Name                    : PC
Automatic FSM Extraction           : YES
FSM Encoding Algorithm             : Auto
Safe Implementation                : No
FSM Style                          : LUT
RAM Extraction                     : Yes
RAM Style                          : Auto
ROM Extraction                     : Yes
Shift Register Extraction          : YES
ROM Style                          : Auto
Resource Sharing                   : YES
Asynchronous To Synchronous        : NO
Shift Register Minimum Size        : 2
Use DSP Block                      : Auto
Automatic Register Balancing       : No

---- Target Options
LUT Combining                      : Auto
Reduce Control Sets                : Auto
Add IO Buffers                     : YES
Global Maximum Fanout              : 100000
Add Generic Clock Buffer(BUFG)     : 32
Register Duplication               : YES
Optimize Instantiated Primitives   : NO
Use Clock Enable                   : Auto
Use Synchronous Set                : Auto
Use Synchronous Reset              : Auto
Pack IO Registers into IOBs        : Auto
Equivalent register Removal        : YES

---- General Options
Optimization Goal                  : Speed
Optimization Effort                : 1
Power Reduction                    : NO
Keep Hierarchy                     : No
Netlist Hierarchy                  : As_Optimized
RTL Output                         : Yes
Global Optimization                : AllClockNets
Read Cores                         : YES
Write Timing Constraints           : NO
Cross Clock Analysis               : NO
Hierarchy Separator                : /
Bus Delimiter                      : <>
Case Specifier                     : Maintain
Slice Utilization Ratio            : 100
BRAM Utilization Ratio             : 100
DSP48 Utilization Ratio            : 100
Auto BRAM Packing                  : NO
Slice Utilization Ratio Delta      : 5

=========================================================================


=========================================================================
*                          HDL Parsing                                  *
=========================================================================
Parsing VHDL file "D:\AbdelrahmanNabil_221000309\PC.vhd" into library work
Parsing entity <PC>.
Parsing architecture <Behavioral> of entity <pc>.

=========================================================================
*                            HDL Elaboration                            *
=========================================================================

Elaborating entity <PC> (architecture <Behavioral>) from library <work>.

=========================================================================
*                           HDL Synthesis                               *
=========================================================================

Synthesizing Unit <PC>.
    Related source file is "D:\AbdelrahmanNabil_221000309\PC.vhd".
    Found 32-bit register for signal <temp_signal>.
    Found 32-bit register for signal <OUTPUT>.
    Summary:
	inferred  64 D-type flip-flop(s).
Unit <PC> synthesized.

=========================================================================
HDL Synthesis Report

Macro Statistics
# Registers                                            : 2
 32-bit register                                       : 2

=========================================================================

=========================================================================
*                       Advanced HDL Synthesis                          *
=========================================================================


=========================================================================
Advanced HDL Synthesis Report

Macro Statistics
# Registers                                            : 64
 Flip-Flops                                            : 64

=========================================================================

=========================================================================
*                         Low Level Synthesis                           *
=========================================================================

Optimizing unit <PC> ...

Mapping all equations...
Building and optimizing final netlist ...
Found area constraint ratio of 100 (+ 5) on block PC, actual ratio is 0.

Final Macro Processing ...

=========================================================================
Final Register Report

Macro Statistics
# Registers                                            : 64
 Flip-Flops                                            : 64

=========================================================================

=========================================================================
*                           Partition Report                            *
=========================================================================

Partition Implementation Status
-------------------------------

  No Partitions were found in this design.

-------------------------------

=========================================================================
*                            Design Summary                             *
=========================================================================

Top Level Output File Name         : PC.ngc

Primitive and Black Box Usage:
------------------------------
# BELS                             : 1
#      INV                         : 1
# FlipFlops/Latches                : 64
#      FD                          : 32
#      FDE_1                       : 32
# Clock Buffers                    : 1
#      BUFG                        : 1
# IO Buffers                       : 65
#      IBUF                        : 33
#      OBUF                        : 32

Device utilization summary:
---------------------------

Selected Device : 7a100tcsg324-3 


Slice Logic Utilization: 
 Number of Slice Registers:              64  out of  126800     0%  
 Number of Slice LUTs:                    1  out of  63400     0%  
    Number used as Logic:                 1  out of  63400     0%  

Slice Logic Distribution: 
 Number of LUT Flip Flop pairs used:     65
   Number with an unused Flip Flop:       1  out of     65     1%  
   Number with an unused LUT:            64  out of     65    98%  
   Number of fully used LUT-FF pairs:     0  out of     65     0%  
   Number of unique control sets:         2

IO Utilization: 
 Number of IOs:                          65
 Number of bonded IOBs:                  65  out of    210    30%  

Specific Feature Utilization:
 Number of BUFG/BUFGCTRLs:                1  out of     32     3%  

---------------------------
Partition Resource Summary:
---------------------------

  No Partitions were found in this design.

---------------------------


=========================================================================
Timing Report

NOTE: THESE TIMING NUMBERS ARE ONLY A SYNTHESIS ESTIMATE.
      FOR ACCURATE TIMING INFORMATION PLEASE REFER TO THE TRACE REPORT
      GENERATED AFTER PLACE-and-ROUTE.

Clock Information:
------------------
-----------------------------------+------------------------+-------+
Clock Signal                       | Clock buffer(FF name)  | Load  |
-----------------------------------+------------------------+-------+
CLK                                | IBUF+BUFG              | 64    |
-----------------------------------+------------------------+-------+

Asynchronous Control Signals Information:
----------------------------------------
No asynchronous control signals found in this design

Timing Summary:
---------------
Speed Grade: -3

   Minimum period: 1.303ns (Maximum Frequency: 767.695MHz)
   Minimum input arrival time before clock: 0.874ns
   Maximum output required time after clock: 0.640ns
   Maximum combinational path delay: No path found

Timing Details:
---------------
All values displayed in nanoseconds (ns)

=========================================================================
Timing constraint: Default period analysis for Clock 'CLK'
  Clock period: 1.303ns (frequency: 767.695MHz)
  Total number of paths / destination ports: 32 / 32
-------------------------------------------------------------------------
Delay:               0.651ns (Levels of Logic = 0)
  Source:            temp_signal_0 (FF)
  Destination:       OUTPUT_0 (FF)
  Source Clock:      CLK falling
  Destination Clock: CLK rising

  Data Path: temp_signal_0 to OUTPUT_0
                                Gate     Net
    Cell:in->out      fanout   Delay   Delay  Logical Name (Net Name)
    ----------------------------------------  ------------
     FDE_1:C->Q            1   0.364   0.279  temp_signal_0 (temp_signal_0)
     FD:D                      0.008          OUTPUT_0
    ----------------------------------------
    Total                      0.651ns (0.372ns logic, 0.279ns route)
                                       (57.1% logic, 42.9% route)

=========================================================================
Timing constraint: Default OFFSET IN BEFORE for Clock 'CLK'
  Total number of paths / destination ports: 64 / 64
-------------------------------------------------------------------------
Offset:              0.874ns (Levels of Logic = 2)
  Source:            CLK (PAD)
  Destination:       temp_signal_0 (FF)
  Destination Clock: CLK falling

  Data Path: CLK to temp_signal_0
                                Gate     Net
    Cell:in->out      fanout   Delay   Delay  Logical Name (Net Name)
    ----------------------------------------  ------------
     IBUF:I->O             1   0.001   0.279  CLK_IBUF (CLK_IBUF)
     INV:I->O             32   0.113   0.386  CLK_inv1_INV_0 (CLK_inv)
     FDE_1:CE                  0.095          temp_signal_0
    ----------------------------------------
    Total                      0.874ns (0.209ns logic, 0.665ns route)
                                       (23.9% logic, 76.1% route)

=========================================================================
Timing constraint: Default OFFSET OUT AFTER for Clock 'CLK'
  Total number of paths / destination ports: 32 / 32
-------------------------------------------------------------------------
Offset:              0.640ns (Levels of Logic = 1)
  Source:            OUTPUT_31 (FF)
  Destination:       OUTPUT<31> (PAD)
  Source Clock:      CLK rising

  Data Path: OUTPUT_31 to OUTPUT<31>
                                Gate     Net
    Cell:in->out      fanout   Delay   Delay  Logical Name (Net Name)
    ----------------------------------------  ------------
     FD:C->Q               1   0.361   0.279  OUTPUT_31 (OUTPUT_31)
     OBUF:I->O                 0.000          OUTPUT_31_OBUF (OUTPUT<31>)
    ----------------------------------------
    Total                      0.640ns (0.361ns logic, 0.279ns route)
                                       (56.4% logic, 43.6% route)

=========================================================================

Cross Clock Domains Report:
--------------------------

Clock to Setup on destination clock CLK
---------------+---------+---------+---------+---------+
               | Src:Rise| Src:Fall| Src:Rise| Src:Fall|
Source Clock   |Dest:Rise|Dest:Rise|Dest:Fall|Dest:Fall|
---------------+---------+---------+---------+---------+
CLK            |         |    0.651|         |         |
---------------+---------+---------+---------+---------+

=========================================================================


Total REAL time to Xst completion: 8.00 secs
Total CPU time to Xst completion: 7.88 secs
 
--> 

Total memory usage is 4617516 kilobytes

Number of errors   :    0 (   0 filtered)
Number of warnings :    0 (   0 filtered)
Number of infos    :    0 (   0 filtered)

